"../../../Engine/Content/ArtTools/RenderToTexture/Enums/RenderToTexture_Enum.uasset" 0
"../../../Engine/Content/ArtTools/RenderToTexture/Enums/RenderToTexture_Flipbook_Enum.uasset" 1
"../../../Engine/Content/ArtTools/RenderToTexture/Enums/RenderToTexture_Imposter_Enum.uasset" 2
"../../../Engine/Content/ArtTools/RenderToTexture/Enums/EIntTypes.uasset" 3
"../../../Engine/Content/EditorBlueprintResources/StandardMacros.uasset" 4
"../../../Engine/Content/ArtTools/RenderToTexture/Macros/RenderToTextureFunctionLibrary.uasset" 5
"../../../Engine/Content/ArtTools/RenderToTexture/Enums/EFloatTypes.uasset" 6
"../../../Engine/Content/ArtTools/RenderToTexture/Macros/RenderToTextureMacros.uasset" 7
"../../../Engine/Content/EngineMaterials/T_Default_Material_Grid_N.uasset" 8
"../../../Engine/Content/EngineMaterials/T_Default_Material_Grid_M.uasset" 9
"../../../Engine/Content/Functions/Engine_MaterialFunctions01/Opacity/CameraDepthFade.uasset" 10
"../../../Engine/Content/EngineMaterials/WorldGridMaterial.uasset" 11
"../../../Engine/Content/ArtTools/RenderToTexture/Meshes/S_1_Unit_Plane.uasset" 12
"../../../Engine/Content/EngineMaterials/DefaultMaterial.uasset" 13
"../../../Engine/Content/BasicShapes/Cone.uasset" 14
"../../../Engine/Content/BasicShapes/Cube.uasset" 15
"../../../Engine/Content/BasicShapes/Plane.uasset" 16
"../../../Engine/Content/BasicShapes/Sphere.uasset" 17
"../../../Engine/Content/EngineMaterials/DefaultPhysicalMaterial.uasset" 18
"../../../Engine/Content/BufferVisualization/AmbientOcclusion.uasset" 19
"../../../Engine/Content/Functions/Engine_MaterialFunctions02/Utility/AppendMany.uasset" 20
"../../../Engine/Content/BufferVisualization/Anisotropy.uasset" 21
"../../../Engine/Content/BufferVisualization/BaseColor.uasset" 22
"../../../Engine/Content/BufferVisualization/CustomDepth.uasset" 23
"../../../Engine/Content/Functions/Engine_MaterialFunctions02/Utility/VectorLength.uasset" 24
"../../../Engine/Content/BufferVisualization/CustomDepthWorldUnits.uasset" 25
"../../../Engine/Content/Functions/Engine_MaterialFunctions02/Utility/BreakOutFloat2Components.uasset" 26
"../../../Engine/Content/Functions/Engine_MaterialFunctions01/Texturing/ScaleUVsByCenter.uasset" 27
"../../../Engine/Content/EngineMaterials/MiniFont.uasset" 28
"../../../Engine/Content/Functions/Engine_MaterialFunctions02/Utility/MakeFloat3.uasset" 29
"../../../Engine/Content/Functions/Engine_MaterialFunctions02/Utility/MakeFloat2.uasset" 30
"../../../Engine/Content/Functions/Engine_MaterialFunctions02/ScreenResolution.uasset" 31
"../../../Engine/Content/Functions/Engine_MaterialFunctions02/Texturing/ScreenAlignedUVs.uasset" 32
"../../../Engine/Content/BufferVisualization/CustomStencil.uasset" 33
"../../../Engine/Content/BufferVisualization/FinalImage.uasset" 34
"../../../Engine/Content/BufferVisualization/LightingModel.uasset" 35
"../../../Engine/Content/BufferVisualization/MaterialAO.uasset" 36
"../../../Engine/Content/BufferVisualization/Metallic.uasset" 37
"../../../Engine/Content/BufferVisualization/Opacity.uasset" 38
"../../../Engine/Content/BufferVisualization/PostTonemapHDRColor.uasset" 39
"../../../Engine/Content/BufferVisualization/PreTonemapHDRColor.uasset" 40
"../../../Engine/Content/BufferVisualization/Roughness.uasset" 41
"../../../Engine/Content/BufferVisualization/SceneColor.uasset" 42
"../../../Engine/Content/BufferVisualization/SceneDepth.uasset" 43
"../../../Engine/Content/BufferVisualization/SceneDepthWorldUnits.uasset" 44
"../../../Engine/Content/BufferVisualization/SeparateTranslucencyA.uasset" 45
"../../../Engine/Content/BufferVisualization/SeparateTranslucencyRGB.uasset" 46
"../../../Engine/Content/BufferVisualization/Specular.uasset" 47
"../../../Engine/Content/BufferVisualization/SubsurfaceColor.uasset" 48
"../../../Engine/Content/BufferVisualization/Velocity.uasset" 49
"../../../Engine/Content/BufferVisualization/WorldNormal.uasset" 50
"../../../Engine/Content/BufferVisualization/WorldTangent.uasset" 51
"../../../Engine/Content/EditorBlueprintResources/ActorMacros.uasset" 52
"../../../Engine/Content/EditorLandscapeResources/DataLayer.uasset" 53
"../../../Engine/Content/EditorLandscapeResources/DefaultAlphaTexture.uasset" 54
"../../../Engine/Content/EditorLandscapeResources/LandscapeGizmoHeight_Mat.uasset" 55
"../../../Engine/Content/EditorLandscapeResources/LandscapeGizmo_Mat.uasset" 56
"../../../Engine/Content/EditorLandscapeResources/LandscapeGizmo_Mat_Copied.uasset" 57
"../../../Engine/Content/EditorLandscapeResources/SplineEditorMeshMat.uasset" 58
"../../../Engine/Content/EditorLandscapeResources/SplineEditorMesh.uasset" 59
"../../../Engine/Content/EditorMaterials/Cross.uasset" 60
"../../../Engine/Content/EditorMaterials/Cross_Mat.uasset" 61
"../../../Engine/Content/EngineMaterials/DefaultDiffuse.uasset" 62
"../../../Engine/Content/Functions/Engine_MaterialFunctions01/Texturing/TextureCropping.uasset" 63
"../../../Engine/Content/Functions/Engine_MaterialFunctions01/Texturing/ComputeMipLevel.uasset" 64
"../../../Engine/Content/Functions/Engine_MaterialFunctions02/ExampleContent/Textures/DebugNumberPeriod.uasset" 65
"../../../Engine/Content/Functions/Engine_MaterialFunctions02/ExampleContent/DebugNumberStrip.uasset" 66
"../../../Engine/Content/Functions/Engine_MaterialFunctions02/Utility/DebugScalarValues.uasset" 67
"../../../Engine/Content/Functions/Engine_MaterialFunctions02/Utility/DebugFloat2Values.uasset" 68
"../../../Engine/Content/Functions/Engine_MaterialFunctions02/ExampleContent/Textures/flipbook.uasset" 69
"../../../Engine/Content/Functions/Engine_MaterialFunctions02/Texturing/FlipBook.uasset" 70
"../../../Engine/Content/Functions/Engine_MaterialFunctions02/Utility/Sign.uasset" 71
"../../../Engine/Content/Functions/Engine_MaterialFunctions02/Utility/Round.uasset" 72
"../../../Engine/Content/EditorResources/T_EditorHelp.uasset" 73
"../../../Engine/Content/EditorMaterials/HelpActorMaterial.uasset" 74
"../../../Engine/Content/Functions/Engine_MaterialFunctions03/Procedurals/ComputeFilterWidth.uasset" 75
"../../../Engine/Content/EngineMaterials/BlendFunc_DefBlend.uasset" 76
"../../../Engine/Content/EngineMaterials/BlendFunc_DefBase.uasset" 77
"../../../Engine/Content/Functions/Engine_MaterialFunctions03/Blends/Blend_Screen.uasset" 78
"../../../Engine/Content/EditorMaterials/TilingAALineIntegral.uasset" 79
"../../../Engine/Content/EditorMaterials/TilingAALineBoxFiltered.uasset" 80
"../../../Engine/Content/EditorMaterials/TilingAAGrid.uasset" 81
"../../../Engine/Content/EditorMaterials/TilingAADots.uasset" 82
"../../../Engine/Content/EditorMaterials/CompositeARGBLayer.uasset" 83
"../../../Engine/Content/EditorMaterials/LevelGridMaterial.uasset" 84
"../../../Engine/Content/EditorResources/LevelGrid1DStripes.uasset" 85
"../../../Engine/Content/EditorMaterials/TextureGridCascaded1D.uasset" 86
"../../../Engine/Content/EditorMaterials/TextureGridCascaded2D.uasset" 87
"../../../Engine/Content/EditorMaterials/MakeCompositeARGBLayer.uasset" 88
"../../../Engine/Content/EditorMaterials/LevelGridMaterial2.uasset" 89
"../../../Engine/Content/EditorMaterials/MAT_Groups_Toggle.uasset" 90
"../../../Engine/Content/EditorMaterials/MAT_Groups_Visibility.uasset" 91
"../../../Engine/Content/EngineMaterials/Grid.uasset" 92
"../../../Engine/Content/EditorResources/TilePatine_N.uasset" 93
"../../../Engine/Content/EditorResources/TilePatine_D.uasset" 94
"../../../Engine/Content/EditorMaterials/AntialiasedGridFloor.uasset" 95
"../../../Engine/Content/EditorMaterials/PersonaFloorMat.uasset" 96
"../../../Engine/Content/EditorMaterials/PhAT_BoneSelectedMaterial.uasset" 97
"../../../Engine/Content/EditorMaterials/PhAT_ElemSelectedMaterial.uasset" 98
"../../../Engine/Content/EditorMaterials/PhAT_NoCollisionMaterial.uasset" 99
"../../../Engine/Content/EditorMaterials/PhAT_UnselectedMaterial.uasset" 100
"../../../Engine/Content/EditorMaterials/PreviewShadowIndicator.uasset" 101
"../../../Engine/Content/EditorMaterials/PreviewShadowIndicatorMaterial.uasset" 102
"../../../Engine/Content/EditorMaterials/TargetIcon.uasset" 103
"../../../Engine/Content/EditorMaterials/Tick.uasset" 104
"../../../Engine/Content/EditorMaterials/Tick_Mat.uasset" 105
"../../../Engine/Content/EditorMaterials/WidgetGridVertexColorMaterial.uasset" 106
"../../../Engine/Content/EditorMaterials/WidgetGridVertexColorMaterial_Ma.uasset" 107
"../../../Engine/Content/EditorMaterials/WidgetMaterial.uasset" 108
"../../../Engine/Content/EditorMaterials/WidgetMaterial_Current.uasset" 109
"../../../Engine/Content/EditorMaterials/WidgetMaterial_X.uasset" 110
"../../../Engine/Content/EditorMaterials/WidgetMaterial_Y.uasset" 111
"../../../Engine/Content/EditorMaterials/WidgetMaterial_Z.uasset" 112
"../../../Engine/Content/EditorMaterials/WidgetVertexColorMaterial.uasset" 113
"../../../Engine/Content/EditorMaterials/MatineeGroups/MAT_ColorTrack.uasset" 114
"../../../Engine/Content/EditorMaterials/MatineeGroups/MAT_Groups_Anim.uasset" 115
"../../../Engine/Content/EditorMaterials/MatineeGroups/MAT_Groups_AudioMaster.uasset" 116
"../../../Engine/Content/EditorMaterials/MatineeGroups/MAT_Groups_Director.uasset" 117
"../../../Engine/Content/EditorMaterials/MatineeGroups/MAT_Groups_Event.uasset" 118
"../../../Engine/Content/EditorMaterials/MatineeGroups/MAT_Groups_Fade.uasset" 119
"../../../Engine/Content/EditorMaterials/MatineeGroups/MAT_Groups_Float.uasset" 120
"../../../Engine/Content/EditorMaterials/MatineeGroups/MAT_Groups_Move.uasset" 121
"../../../Engine/Content/EditorMaterials/MatineeGroups/MAT_Groups_Slomo.uasset" 122
"../../../Engine/Content/EditorMaterials/MatineeGroups/MAT_Groups_Sound.uasset" 123
"../../../Engine/Content/EditorMaterials/MatineeGroups/MAT_Groups_Vector.uasset" 124
"../../../Engine/Content/EditorMaterials/ParticleSystems/PSysThumbnail_NoImage.uasset" 125
"../../../Engine/Content/EditorMaterials/ParticleSystems/PSysThumbnail_OOD.uasset" 126
"../../../Engine/Content/EditorMaterials/Thumbnails/FloorPlaneMaterial.uasset" 127
"../../../Engine/Content/EditorMeshes/EditorCube.uasset" 128
"../../../Engine/Content/EditorMeshes/EditorCylinder.uasset" 129
"../../../Engine/Content/EditorMeshes/EditorPlane.uasset" 130
"../../../Engine/Content/EditorMaterials/Thumbnails/SkySphereMaterial.uasset" 131
"../../../Engine/Content/EditorMeshes/EditorSkySphere.uasset" 132
"../../../Engine/Content/EditorMeshes/EditorSphere.uasset" 133
"../../../Engine/Content/EditorResources/MatineeCam_D.uasset" 134
"../../../Engine/Content/EditorMaterials/MatineeCam_mat.uasset" 135
"../../../Engine/Content/EditorMeshes/MatineeCam_SM.uasset" 136
"../../../Engine/Content/Functions/Engine_MaterialFunctions01/Shading/ConvertFromDiffSpec.uasset" 137
"../../../Engine/Content/EditorMaterials/GridMaterial.uasset" 138
"../../../Engine/Content/EditorMeshes/PhAT_FloorBox.uasset" 139
"../../../Engine/Content/EditorMeshes/PlanarReflectionPlane.uasset" 140
"../../../Engine/Content/EngineDebugMaterials/M_SimpleOpaque.uasset" 141
"../../../Engine/Content/EditorMaterials/Camera/MI_CineMat_CamViewFinder.uasset" 142
"../../../Engine/Content/EditorMaterials/Camera/CineMat.uasset" 143
"../../../Engine/Content/EditorMaterials/Camera/MI_CineMat_CameraBody.uasset" 144
"../../../Engine/Content/EditorMeshes/Camera/SM_CineCam.uasset" 145
"../../../Engine/Content/EditorMaterials/Camera/MI_CineMat_Rig.uasset" 146
"../../../Engine/Content/EditorMeshes/Camera/SM_CraneRig_Arm.uasset" 147
"../../../Engine/Content/EditorMeshes/Camera/SM_CraneRig_Base.uasset" 148
"../../../Engine/Content/EditorMeshes/Camera/SM_CraneRig_Body.uasset" 149
"../../../Engine/Content/EditorMeshes/Camera/SM_CraneRig_Mount.uasset" 150
"../../../Engine/Content/EditorMeshes/Camera/SM_RailRig_Mount.uasset" 151
"../../../Engine/Content/EditorMeshes/Camera/SM_RailRig_Track.uasset" 152
"../../../Engine/Content/EditorMeshes/ColorCalibrator/M_ChromeBall.uasset" 153
"../../../Engine/Content/EditorResources/Bad.uasset" 154
"../../../Engine/Content/EditorResources/BSPVertex.uasset" 155
"../../../Engine/Content/EditorResources/EmptyActor.uasset" 156
"../../../Engine/Content/EditorResources/MatInstActSprite.uasset" 157
"../../../Engine/Content/EditorResources/SceneManager.uasset" 158
"../../../Engine/Content/EditorResources/SmallFont.uasset" 159
"../../../Engine/Content/EditorResources/S_Actor.uasset" 160
"../../../Engine/Content/EditorResources/S_CameraShakeSource.uasset" 161
"../../../Engine/Content/EditorResources/S_DecalActorIcon.uasset" 162
"../../../Engine/Content/EditorResources/S_Emitter.uasset" 163
"../../../Engine/Content/EditorResources/S_ExpoHeightFog.uasset" 164
"../../../Engine/Content/EditorResources/S_FTest.uasset" 165
"../../../Engine/Content/EditorResources/S_KBSJoint.uasset" 166
"../../../Engine/Content/EditorResources/S_KHinge.uasset" 167
"../../../Engine/Content/EditorResources/S_KPrismatic.uasset" 168
"../../../Engine/Content/EditorResources/S_LevelSequence.uasset" 169
"../../../Engine/Content/EditorResources/S_NavP.uasset" 170
"../../../Engine/Content/EditorResources/S_Note.uasset" 171
"../../../Engine/Content/EditorResources/S_Player.uasset" 172
"../../../Engine/Content/EditorResources/S_PortalActorIcon2.uasset" 173
"../../../Engine/Content/EditorResources/S_RadForce.uasset" 174
"../../../Engine/Content/EditorResources/S_ReflActorIcon.uasset" 175
"../../../Engine/Content/EditorResources/S_SkyAtmosphere.uasset" 176
"../../../Engine/Content/EditorResources/S_Solver.uasset" 177
"../../../Engine/Content/EditorResources/S_Terrain.uasset" 178
"../../../Engine/Content/EditorResources/S_TextRenderActorIcon.uasset" 179
"../../../Engine/Content/EditorResources/S_Thruster.uasset" 180
"../../../Engine/Content/EditorResources/S_Trigger.uasset" 181
"../../../Engine/Content/EditorResources/S_VectorFieldVol.uasset" 182
"../../../Engine/Content/EditorResources/S_VolumetricCloud.uasset" 183
"../../../Engine/Content/EditorResources/S_WindDirectional.uasset" 184
"../../../Engine/Content/EditorResources/AI/S_NavLink.uasset" 185
"../../../Engine/Content/EditorResources/LightIcons/SkyLight.uasset" 186
"../../../Engine/Content/EditorResources/LightIcons/S_LightDirectional.uasset" 187
"../../../Engine/Content/EditorResources/LightIcons/S_LightDirectionalMove.uasset" 188
"../../../Engine/Content/EditorResources/LightIcons/S_LightError.uasset" 189
"../../../Engine/Content/EditorResources/LightIcons/S_LightPoint.uasset" 190
"../../../Engine/Content/EditorResources/LightIcons/S_LightPointMove.uasset" 191
"../../../Engine/Content/EditorResources/LightIcons/S_LightSpot.uasset" 192
"../../../Engine/Content/EditorResources/LightIcons/S_LightSpotMove.uasset" 193
"../../../Engine/Content/EditorResources/SequenceRecorder/Countdown.uasset" 194
"../../../Engine/Content/EditorResources/SequenceRecorder/RecordingIndicator.uasset" 195
"../../../Engine/Content/EditorResources/Spline/T_Loft_Spline.uasset" 196
"../../../Engine/Content/EditorSounds/Notifications/CompileSuccess.uasset" 197
"../../../Engine/Content/EditorSounds/Notifications/CompileStart_Cue.uasset" 198
"../../../Engine/Content/EditorSounds/Notifications/CompileSuccess_Cue.uasset" 199
"../../../Engine/Content/EngineDamageTypes/DmgTypeBP_Environmental.uasset" 200
"../../../Engine/Content/EngineDebugMaterials/HeatmapGradient.uasset" 201
"../../../Engine/Content/EngineDebugMaterials/BoneWeightMaterial.uasset" 202
"../../../Engine/Content/EngineDebugMaterials/ClothMaterial.uasset" 203
"../../../Engine/Content/EngineDebugMaterials/ClothMaterial_WF.uasset" 204
"../../../Engine/Content/EngineDebugMaterials/DebugEditorMaterial.uasset" 205
"../../../Engine/Content/EngineDebugMaterials/DebugMeshMaterial.uasset" 206
"../../../Engine/Content/EngineDebugMaterials/GeomMaterial.uasset" 207
"../../../Engine/Content/EngineDebugMaterials/LevelColorationLitMaterial.uasset" 208
"../../../Engine/Content/EngineDebugMaterials/LevelColorationUnlitMaterial.uasset" 209
"../../../Engine/Content/EngineMaterials/DefaultWhiteGrid.uasset" 210
"../../../Engine/Content/EngineDebugMaterials/MAT_LevelColorationLitLightmapUV.uasset" 211
"../../../Engine/Content/EngineDebugMaterials/M_SimpleUnlitTranslucent.uasset" 212
"../../../Engine/Content/EngineDebugMaterials/VolumeToRender.uasset" 213
"../../../Engine/Content/Functions/Engine_MaterialFunctions02/Utility/CameraDirectionVector.uasset" 214
"../../../Engine/Content/EngineDebugMaterials/M_VolumeRenderSphereTracePP.uasset" 215
"../../../Engine/Content/EngineMaterials/DefaultWhiteGrid_Low.uasset" 216
"../../../Engine/Content/EngineDebugMaterials/PhysicalMaterialMaskMaterial.uasset" 217
"../../../Engine/Content/EngineDebugMaterials/ShadedLevelColorationLitMaterial.uasset" 218
"../../../Engine/Content/EngineDebugMaterials/ShadedLevelColorationUnlitMateri.uasset" 219
"../../../Engine/Content/EngineDebugMaterials/VertexColorMaterial.uasset" 220
"../../../Engine/Content/EngineDebugMaterials/VertexColorViewMode_AlphaAsColor.uasset" 221
"../../../Engine/Content/EngineDebugMaterials/VertexColorViewMode_BlueOnly.uasset" 222
"../../../Engine/Content/EngineDebugMaterials/VertexColorViewMode_ColorOnly.uasset" 223
"../../../Engine/Content/EngineDebugMaterials/VertexColorViewMode_GreenOnly.uasset" 224
"../../../Engine/Content/EngineDebugMaterials/VertexColorViewMode_RedOnly.uasset" 225
"../../../Engine/Content/EngineDebugMaterials/WireframeMaterial.uasset" 226
"../../../Engine/Content/EngineFonts/Faces/RobotoRegular.uasset" 227
"../../../Engine/Content/EngineFonts/Faces/RobotoLight.uasset" 228
"../../../Engine/Content/EngineFonts/Faces/RobotoItalic.uasset" 229
"../../../Engine/Content/EngineFonts/Faces/RobotoBoldItalic.uasset" 230
"../../../Engine/Content/EngineFonts/Faces/RobotoBold.uasset" 231
"../../../Engine/Content/EngineFonts/Faces/DroidSansFallback.uasset" 232
"../../../Engine/Content/EngineFonts/Roboto.uasset" 233
"../../../Engine/Content/EngineFonts/Faces/RobotoTiny.uasset" 234
"../../../Engine/Content/EngineFonts/RobotoTiny.uasset" 235
"../../../Engine/Content/EngineFonts/SmallFont.uasset" 236
"../../../Engine/Content/EngineFonts/TinyFont.uasset" 237
"../../../Engine/Content/EngineMaterials/BaseFlattenNormalMap.uasset" 238
"../../../Engine/Content/EngineMaterials/BaseFlattenGrayscaleMap.uasset" 239
"../../../Engine/Content/EngineMaterials/BaseFlattenEmissiveMap.uasset" 240
"../../../Engine/Content/EngineMaterials/BaseFlattenDiffuseMap.uasset" 241
"../../../Engine/Content/EngineMaterials/BaseFlattenMaterial.uasset" 242
"../../../Engine/Content/EngineResources/WhiteSquareTexture.uasset" 243
"../../../Engine/Content/EngineMaterials/BlinkingCaret.uasset" 244
"../../../Engine/Content/EngineMaterials/BlueNoise.uasset" 245
"../../../Engine/Content/EngineMaterials/DefaultBloomKernel.uasset" 246
"../../../Engine/Content/EngineMaterials/DefaultBokeh.uasset" 247
"../../../Engine/Content/EngineMaterials/DefaultDeferredDecalMaterial.uasset" 248
"../../../Engine/Content/EngineMaterials/DefaultLightFunctionMaterial.uasset" 249
"../../../Engine/Content/EngineMaterials/DefaultNormal.uasset" 250
"../../../Engine/Content/EngineMaterials/DefaultPostProcessMaterial.uasset" 251
"../../../Engine/Content/EngineFonts/RobotoDistanceField.uasset" 252
"../../../Engine/Content/EngineMaterials/DefaultTextMaterialOpaque.uasset" 253
"../../../Engine/Content/EngineMaterials/EditorBrushMaterial.uasset" 254
"../../../Engine/Content/EngineMaterials/EmissiveMeshMaterial.uasset" 255
"../../../Engine/Content/EngineMaterials/GizmoMaterial.uasset" 256
"../../../Engine/Content/EngineMaterials/Good64x64TilingNoiseHighFreq.uasset" 257
"../../../Engine/Content/EngineMaterials/Grid_N.uasset" 258
"../../../Engine/Content/EngineMaterials/HighResolutionScreenshotMaskFunction.uasset" 259
"../../../Engine/Content/EngineMaterials/HighResScreenshot.uasset" 260
"../../../Engine/Content/EngineMaterials/HighResScreenshotCaptureRegion.uasset" 261
"../../../Engine/Content/EngineMaterials/HighResScreenshotMask.uasset" 262
"../../../Engine/Content/EngineMaterials/LandscapeHolePhysicalMaterial.uasset" 263
"../../../Engine/Content/EngineMaterials/InvalidLightmapSettings.uasset" 264
"../../../Engine/Content/EngineMaterials/M_InvalidLightmapSettings.uasset" 265
"../../../Engine/Content/EngineMaterials/PaperDiffuse.uasset" 266
"../../../Engine/Content/EngineMaterials/PaperNormal.uasset" 267
"../../../Engine/Content/Functions/Engine_MaterialFunctions02/WorldPositionOffset/CameraOffset.uasset" 268
"../../../Engine/Content/EngineMaterials/PhAT_JointLimitMaterial.uasset" 269
"../../../Engine/Content/EngineMaterials/PhysMat_Rubber.uasset" 270
"../../../Engine/Content/EngineMaterials/PreintegratedSkinBRDF.uasset" 271
"../../../Engine/Content/EngineMaterials/RemoveSurfaceMaterial.uasset" 272
"../../../Engine/Content/EngineMaterials/WeightMapPlaceholderTexture.uasset" 273
"../../../Engine/Content/Functions/Engine_MaterialFunctions01/ImageAdjustment/sRGBToLinear.uasset" 274
"../../../Engine/Content/Functions/Engine_MaterialFunctions02/Utility/BreakOutFloat3Components.uasset" 275
"../../../Engine/Content/EngineMaterials/Widget3DCameraPassThrough_Opaque_OneSided.uasset" 276
"../../../Engine/Content/EngineMaterials/Widget3DPassThrough.uasset" 277
"../../../Engine/Content/EngineMaterials/Widget3DPassThrough_Masked.uasset" 278
"../../../Engine/Content/EngineMaterials/Widget3DPassThrough_Opaque.uasset" 279
"../../../Engine/Content/EngineMaterials/Widget3DPassThrough_Masked_OneSided.uasset" 280
"../../../Engine/Content/EngineMaterials/Widget3DPassThrough_Opaque_OneSided.uasset" 281
"../../../Engine/Content/EngineMaterials/Widget3DPassThrough_Translucent.uasset" 282
"../../../Engine/Content/EngineMaterials/Widget3DPassThrough_Translucent_OneSided.uasset" 283
"../../../Engine/Content/EngineMeshes/Cylinder.uasset" 284
"../../../Engine/Content/EngineMeshes/Sphere.uasset" 285
"../../../Engine/Content/EngineResources/Black.uasset" 286
"../../../Engine/Content/EngineResources/DefaultTextureCube.uasset" 287
"../../../Engine/Content/EngineResources/DefaultVolumeTexture2D.uasset" 288
"../../../Engine/Content/EngineResources/DefaultVolumeTexture.uasset" 289
"../../../Engine/Content/EngineResources/GradientTexture0.uasset" 290
"../../../Engine/Content/EngineResources/StreamingPauseIcon.uasset" 291
"../../../Engine/Content/EngineResources/M_StreamingPause.uasset" 292
"../../../Engine/Content/EngineSky/VolumetricClouds/T_NoiseShape64.uasset" 293
"../../../Engine/Content/EngineSky/VolumetricClouds/T_VolumeNoiseShape64.uasset" 294
"../../../Engine/Content/EngineSky/VolumetricClouds/T_NoiseErosion.uasset" 295
"../../../Engine/Content/EngineSky/VolumetricClouds/T_VolumeNoiseErosion32.uasset" 296
"../../../Engine/Content/EngineSky/VolumetricClouds/CloudWeatherTexture.uasset" 297
"../../../Engine/Content/EngineSky/VolumetricClouds/CloudGradientTexture.uasset" 298
"../../../Engine/Content/EngineSky/VolumetricClouds/m_SimpleVolumetricCloud.uasset" 299
"../../../Engine/Content/EngineSky/VolumetricClouds/m_SimpleVolumetricCloud_Inst.uasset" 300
"../../../Engine/Content/EngineSounds/Master.uasset" 301
"../../../Engine/Content/Functions/Engine_MaterialFunctions01/Shading/PowerToRoughness.uasset" 302
"../../../Engine/Content/Maps/Templates/Thumbnails/Default.uasset" 303
"../../../Engine/Content/Maps/Templates/Thumbnails/TimeOfDay.uasset" 304
"../../../Engine/Content/Maps/Templates/Thumbnails/VR-Basic.uasset" 305
"../../../Engine/Content/MapTemplates/Sky/DaylightAmbientCubemap.uasset" 306
"../../../Engine/Content/MobileResources/T_MobileControls_texture.uasset" 307
"../../../Engine/Content/MobileResources/T_MobileMenu2.uasset" 308
"../../../Engine/Content/MobileResources/HUD/AnalogHat.uasset" 309
"../../../Engine/Content/MobileResources/HUD/VirtualJoystick_Thumb.uasset" 310
"../../../Engine/Content/MobileResources/HUD/VirtualJoystick_Background.uasset" 311
"../../../Engine/Content/MobileResources/HUD/DefaultVirtualJoysticks.uasset" 312
"../../../Engine/Content/MobileResources/HUD/LeftVirtualJoystickOnly.uasset" 313
"../../../Engine/Content/MobileResources/HUD/MobileHUDButton1_off.uasset" 314
"../../../Engine/Content/MobileResources/HUD/MobileHUDButton1_on.uasset" 315
"../../../Engine/Content/MobileResources/HUD/MobileHUDButton2_off.uasset" 316
"../../../Engine/Content/MobileResources/HUD/MobileHUDButton2_on.uasset" 317
"../../../Engine/Content/MobileResources/HUD/MobileHUDButton3.uasset" 318
"../../../Engine/Content/MobileResources/HUD/MobileHUDButtonFire.uasset" 319
"../../../Engine/Content/MobileResources/HUD/MobileHUDDirectionPad.uasset" 320
"../../../Engine/Content/MobileResources/HUD/MobileHUDDirectionPad2.uasset" 321
"../../../Engine/Content/MobileResources/HUD/MobileHUDDirectionPad3.uasset" 322
"../../../Engine/Content/MobileResources/HUD/MobileHUDDirectionStick.uasset" 323
"../../../Engine/Content/MobileResources/HUD/T_Castle_ThumbstickInner.uasset" 324
"../../../Engine/Content/MobileResources/HUD/T_Castle_ThumbstickOutter.uasset" 325
"../../../Engine/Content/Tutorial/ContentIntroCurve.uasset" 326
"../../../Engine/Content/Tutorial/Basics/LevelEditorAttract.uasset" 327
"../../../Engine/Content/Tutorial/Basics/TutorialAssets/icon_tab_Levels_40x.uasset" 328
"../../../Engine/Content/Tutorial/Basics/LevelEditorOverview.uasset" 329
"../../../Engine/Content/Tutorial/BlueprintTutorials/TutorialAssets/Blueprint_64x.uasset" 330
"../../../Engine/Content/Tutorial/BlueprintTutorials/BlueprintEditorTutorial.uasset" 331
"../../../Engine/Content/Tutorial/BlueprintTutorials/TutorialAssets/Tutorial_BP_MacroLib.uasset" 332
"../../../Engine/Content/VREditor/TransformGizmo/TranslucentTransformGizmoMaterial.uasset" 333
"../../../Engine/Content/VREditor/LaserPointer/VR_LaserPower_01.uasset" 334
"../../../Engine/Content/VREditor/TransformGizmo/TransformGizmoMaterial.uasset" 335
"../../../Engine/Content/VREditor/TransformGizmo/BoundingBoxCorner.uasset" 336
"../../../Engine/Content/VREditor/TransformGizmo/BoundingBoxEdge.uasset" 337
"../../../Engine/Content/VREditor/TransformGizmo/PlaneTranslationHandle.uasset" 338
"../../../Engine/Content/VREditor/TransformGizmo/Xray.uasset" 339
"../../../Engine/Content/VREditor/TransformGizmo/Main.uasset" 340
"../../../Engine/Content/VREditor/TransformGizmo/SM_Sequencer_Key.uasset" 341
"../../../Engine/Content/VREditor/TransformGizmo/SM_Sequencer_Node.uasset" 342
"D:/Projects/Unreal/SimplePlatformer/Content/BP/Blueprints/Interfaces/TI_LeftJJoystick.uasset" 343
"D:/Projects/Unreal/SimplePlatformer/Content/Builder/Blueprints/BP_FuncLib.uasset" 344
"D:/Projects/Unreal/SimplePlatformer/Content/Builder/Blueprints/BP_MacroLib.uasset" 345
"D:/Projects/Unreal/SimplePlatformer/Content/Builder/Blueprints/EArchPlacement.uasset" 346
"D:/Projects/Unreal/SimplePlatformer/Content/Builder/Blueprints/EMatrixPlacement.uasset" 347
"D:/Projects/Unreal/SimplePlatformer/Content/Builder/Blueprints/ESelect.uasset" 348
"D:/Projects/Unreal/SimplePlatformer/Content/Builder/Blueprints/ESplinePlacement.uasset" 349
"D:/Projects/Unreal/SimplePlatformer/Content/ExampleContent/DemoRoom/BluePrint/BP_DemoDisplay_Enum.uasset" 350
"D:/Projects/Unreal/SimplePlatformer/Content/ExampleContent/DemoRoom/BluePrint/BP_DemoRoom_Enum.uasset" 351
"D:/Projects/Unreal/SimplePlatformer/Content/Platformer/Character/Kid/Ch09_nonPBR_PhysicsAsset.uasset" 352
"D:/Projects/Unreal/SimplePlatformer/Content/Platformer/Character/Kid/Ch09_1001_Specular.uasset" 353
"D:/Projects/Unreal/SimplePlatformer/Content/Platformer/Character/Kid/Ch09_1001_Normal.uasset" 354
"D:/Projects/Unreal/SimplePlatformer/Content/Platformer/Character/Kid/Ch09_1001_Glossiness.uasset" 355
"D:/Projects/Unreal/SimplePlatformer/Content/Platformer/Character/Kid/Ch09_1001_Diffuse.uasset" 356
"D:/Projects/Unreal/SimplePlatformer/Content/Platformer/Character/Kid/Ch09_body.uasset" 357
"D:/Projects/Unreal/SimplePlatformer/Content/Platformer/Character/Kid/Ch09_nonPBR_Skeleton.uasset" 358
"D:/Projects/Unreal/SimplePlatformer/Content/Platformer/Character/Kid/Ch09_nonPBR.uasset" 359
"D:/Projects/Unreal/SimplePlatformer/Content/Mannequin/Character/Textures/UE4Man_Logo_N.uasset" 360
"D:/Projects/Unreal/SimplePlatformer/Content/Mannequin/Character/Textures/T_UE4_Mannequin_Mobile_N.uasset" 361
"D:/Projects/Unreal/SimplePlatformer/Content/Mannequin/Character/Textures/T_UE4_Mannequin_Mobile_M.uasset" 362
"D:/Projects/Unreal/SimplePlatformer/Content/Mannequin/Character/Materials/MaterialLayers/T_ML_Aluminum01_N.uasset" 363
"D:/Projects/Unreal/SimplePlatformer/Content/Mannequin/Character/Materials/MaterialLayers/T_ML_Aluminum01.uasset" 364
"D:/Projects/Unreal/SimplePlatformer/Content/Mannequin/Character/Materials/MaterialLayers/ML_SoftMetal_UE4.uasset" 365
"D:/Projects/Unreal/SimplePlatformer/Content/Mannequin/Character/Textures/UE4_LOGO_CARD.uasset" 366
"D:/Projects/Unreal/SimplePlatformer/Content/Mannequin/Character/Materials/MaterialLayers/ML_Plastic_Shiny_Beige_LOGO.uasset" 367
"D:/Projects/Unreal/SimplePlatformer/Content/Mannequin/Character/Materials/MaterialLayers/ML_Plastic_Shiny_Beige.uasset" 368
"D:/Projects/Unreal/SimplePlatformer/Content/Mannequin/Character/Materials/MaterialLayers/T_ML_Rubber_Blue_01_N.uasset" 369
"D:/Projects/Unreal/SimplePlatformer/Content/Mannequin/Character/Materials/MaterialLayers/T_ML_Rubber_Blue_01_D.uasset" 370
"D:/Projects/Unreal/SimplePlatformer/Content/Mannequin/Character/Materials/MaterialLayers/ML_GlossyBlack_Latex_UE4.uasset" 371
"../../../Engine/Content/Functions/MaterialLayerFunctions/MatLayerBlend_Simple.uasset" 372
"../../../Engine/Content/Functions/Engine_MaterialFunctions02/Utility/BlendAngleCorrectedNormals.uasset" 373
"../../../Engine/Content/Functions/MaterialLayerFunctions/MatLayerBlend_NormalBlend.uasset" 374
"D:/Projects/Unreal/SimplePlatformer/Content/Mannequin/Character/Materials/M_UE4Man_Body.uasset" 375
"D:/Projects/Unreal/SimplePlatformer/Content/Mannequin/Character/Materials/M_UE4Man_ChestLogo.uasset" 376
"D:/Projects/Unreal/SimplePlatformer/Content/Mannequin/Character/Mesh/SK_Mannequin_Skeleton.uasset" 377
"D:/Projects/Unreal/SimplePlatformer/Content/Mannequin/Character/Mesh/SK_Mannequin.uasset" 378
"D:/Projects/Unreal/SimplePlatformer/Content/Mannequin/Animations/ThirdPersonWalk.uasset" 379
"D:/Projects/Unreal/SimplePlatformer/Content/Mannequin/Animations/ThirdPersonRun.uasset" 380
"D:/Projects/Unreal/SimplePlatformer/Content/Mannequin/Animations/ThirdPersonIdle.uasset" 381
"D:/Projects/Unreal/SimplePlatformer/Content/Mannequin/Animations/ThirdPerson_IdleRun_2D.uasset" 382
"D:/Projects/Unreal/SimplePlatformer/Content/Mannequin/Animations/ThirdPersonJump_Start.uasset" 383
"D:/Projects/Unreal/SimplePlatformer/Content/Mannequin/Animations/ThirdPersonJump_Loop.uasset" 384
"D:/Projects/Unreal/SimplePlatformer/Content/Mannequin/Animations/ThirdPersonJump_End.uasset" 385
"D:/Projects/Unreal/SimplePlatformer/Content/Mannequin/Animations/ThirdPerson_AnimBP.uasset" 386
"D:/Projects/Unreal/SimplePlatformer/Content/ThirdPersonCPP/Blueprints/ThirdPersonCharacter.uasset" 387
"../../Plugins/2D/Paper2D/Content/PlaceholderTextures/DummySpriteTexture.uasset" 388
"../../Plugins/2D/Paper2D/Content/DummySprite.uasset" 389
"../../Plugins/2D/Paper2D/Content/DefaultPaperTerrainMaterial.uasset" 390
"../../Plugins/2D/Paper2D/Content/DefaultSpriteMaterial.uasset" 391
"../../Plugins/2D/Paper2D/Content/MaskedUnlitSpriteMaterial.uasset" 392
"../../Plugins/2D/Paper2D/Content/OpaqueUnlitSpriteMaterial.uasset" 393
"../../../Engine/Content/Functions/Engine_MaterialFunctions02/ObjectLocalBounds.uasset" 394
"../../Plugins/Editor/SpeedTreeImporter/Content/SpeedTree9/UnpackInteger3.uasset" 395
"../../Plugins/Editor/SpeedTreeImporter/Content/SpeedTree9/UnpackDirection.uasset" 396
"../../Plugins/Editor/SpeedTreeImporter/Content/SpeedTree9/game_wind_noise.uasset" 397
"../../../Engine/Content/Functions/Engine_MaterialFunctions02/SafeNormalize.uasset" 398
"../../Plugins/Editor/SpeedTreeImporter/Content/SpeedTree9/SpeedTreeWindMotion.uasset" 399
"../../Plugins/Editor/SpeedTreeImporter/Content/SpeedTree9/SpeedTreeBranchMotion.uasset" 400
"../../../Engine/Content/Functions/Engine_MaterialFunctions02/UVs/BoundingBoxBased_0-1_UVW.uasset" 401
"../../Plugins/Editor/SpeedTreeImporter/Content/SpeedTree9/SpeedTreeWind.uasset" 402
"../../Plugins/Editor/SpeedTreeImporter/Content/SpeedTree9/SpeedTreeBillboard.uasset" 403
"../../../Engine/Content/EngineResources/DefaultTexture.uasset" 404
"../../Plugins/Editor/SpeedTreeImporter/Content/SpeedTree9/SpeedTreeBillboardMaster.uasset" 405
"../../Plugins/Editor/SpeedTreeImporter/Content/SpeedTree9/SpeedTreeCameraFacing.uasset" 406
"../../Plugins/Editor/SpeedTreeImporter/Content/SpeedTree9/SpeedTreeMaster.uasset" 407
"../../Plugins/FX/Niagara/Content/Enums/ENiagaraAnimTrailWidthMode.uasset" 408
"../../Plugins/FX/Niagara/Content/Enums/ENiagaraArraySamplingMode.uasset" 409
"../../Plugins/FX/Niagara/Content/Enums/ENiagaraBoneSamplingMode.uasset" 410
"../../Plugins/FX/Niagara/Content/Enums/ENiagaraBoneSocketSamplingMode.uasset" 411
"../../Plugins/FX/Niagara/Content/Enums/ENiagaraBooleanLogicOps.uasset" 412
"../../Plugins/FX/Niagara/Content/Enums/ENiagaraBooleanLogicOps_v2.uasset" 413
"../../Plugins/FX/Niagara/Content/Enums/ENiagaraCalculateRadiusOptions.uasset" 414
"../../Plugins/FX/Niagara/Content/Enums/ENiagaraChannelCorrelation.uasset" 415
"../../Plugins/FX/Niagara/Content/Enums/ENiagaraCollisionRadiusOptions.uasset" 416
"../../Plugins/FX/Niagara/Content/Enums/ENiagaraCoordinateSpace.uasset" 417
"../../Plugins/FX/Niagara/Content/Enums/ENiagaraCurlNoiseQuality.uasset" 418
"../../Plugins/FX/Niagara/Content/Enums/ENiagaraEmitterLifeCycleMode.uasset" 419
"../../Plugins/FX/Niagara/Content/Enums/ENiagaraEmitterScalabilityMode.uasset" 420
"../../Plugins/FX/Niagara/Content/Enums/ENiagaraEmitterScalabilityMode_Limited.uasset" 421
"../../Plugins/FX/Niagara/Content/Enums/ENiagaraExecutionStateManagement.uasset" 422
"../../Plugins/FX/Niagara/Content/Enums/ENiagaraExpansionMode.uasset" 423
"../../Plugins/FX/Niagara/Content/Enums/ENiagaraFrictionMergeType.uasset" 424
"../../Plugins/FX/Niagara/Content/Enums/ENiagaraGPUDepthResponseType.uasset" 425
"../../Plugins/FX/Niagara/Content/Enums/ENiagaraGridPlacementType.uasset" 426
"../../Plugins/FX/Niagara/Content/Enums/ENiagaraInactiveMode.uasset" 427
"../../Plugins/FX/Niagara/Content/Enums/ENiagaraKillVolumeOptions.uasset" 428
"../../Plugins/FX/Niagara/Content/Enums/ENiagaraLinearColor_Channels.uasset" 429
"../../Plugins/FX/Niagara/Content/Enums/ENiagaraMassByVolume.uasset" 430
"../../Plugins/FX/Niagara/Content/Enums/ENiagaraMassCalculationForRendererTypes.uasset" 431
"../../Plugins/FX/Niagara/Content/Enums/ENiagaraMeshOrSprite.uasset" 432
"../../Plugins/FX/Niagara/Content/Enums/ENiagaraMeshSamplingMode.uasset" 433
"../../Plugins/FX/Niagara/Content/Enums/ENiagaraMeshSurfaceSamplingMode.uasset" 434
"../../Plugins/FX/Niagara/Content/Enums/ENiagaraMeshTransforms.uasset" 435
"../../Plugins/FX/Niagara/Content/Enums/ENiagaraMinOrMax.uasset" 436
"../../Plugins/FX/Niagara/Content/Enums/ENiagaraNumericVariableTypes.uasset" 437
"../../Plugins/FX/Niagara/Content/Enums/ENiagaraOrientationAxis.uasset" 438
"../../Plugins/FX/Niagara/Content/Enums/ENiagaraQuaternionDerivationTechnique.uasset" 439
"../../Plugins/FX/Niagara/Content/Enums/ENiagaraRandomnessEvaluation.uasset" 440
"../../Plugins/FX/Niagara/Content/Enums/ENiagaraRandomnessMode.uasset" 441
"../../Plugins/FX/Niagara/Content/Enums/ENiagaraRestitutionMergeType.uasset" 442
"../../Plugins/FX/Niagara/Content/Enums/ENiagaraScaleColorMode.uasset" 443
"../../Plugins/FX/Niagara/Content/Enums/ENiagaraSimulationTarget.uasset" 444
"../../Plugins/FX/Niagara/Content/Enums/ENiagaraSkeletalSpawning.uasset" 445
"../../Plugins/FX/Niagara/Content/Enums/ENiagaraSkelSamplingFilteringMode.uasset" 446
"../../Plugins/FX/Niagara/Content/Enums/ENiagaraSkelSamplingModeFull.uasset" 447
"../../Plugins/FX/Niagara/Content/Enums/ENiagaraSocketSamplingMode.uasset" 448
"../../Plugins/FX/Niagara/Content/Enums/ENiagaraSphereDistributionMode.uasset" 449
"../../Plugins/FX/Niagara/Content/Enums/ENiagaraSUbUVAnimationMode.uasset" 450
"../../Plugins/FX/Niagara/Content/Enums/ENiagaraSystemInactiveMode.uasset" 451
"../../Plugins/FX/Niagara/Content/Enums/ENiagaraTorusDistributionMode.uasset" 452
"../../Plugins/FX/Niagara/Content/Enums/ENiagaraTorusMode.uasset" 453
"../../Plugins/FX/Niagara/Content/Enums/ENiagaraTriangleSamplingMode.uasset" 454
"../../Plugins/FX/Niagara/Content/Enums/ENiagaraVector2_Channels.uasset" 455
"../../Plugins/FX/Niagara/Content/Enums/ENiagaraVector3_Channels.uasset" 456
"../../Plugins/FX/Niagara/Content/Enums/ENiagaraVector4_Channels.uasset" 457
"../../Plugins/FX/Niagara/Content/Enums/ENiagaraVertexFilteringMode.uasset" 458
"../../Plugins/FX/Niagara/Content/Enums/ENiagaraVertexSamplingMode.uasset" 459
"../../Plugins/FX/Niagara/Content/Enums/ENiagara_AudioParamType.uasset" 460
"../../Plugins/FX/Niagara/Content/Enums/ENiagara_BankOnTurns.uasset" 461
"../../Plugins/FX/Niagara/Content/Enums/ENiagara_CameraMeshOrientation.uasset" 462
"../../Plugins/FX/Niagara/Content/Enums/ENiagara_CameraProperties.uasset" 463
"../../Plugins/FX/Niagara/Content/Enums/ENiagara_CollisionType.uasset" 464
"../../Plugins/FX/Niagara/Content/Enums/ENiagara_ColorInitializationMode.uasset" 465
"../../Plugins/FX/Niagara/Content/Enums/ENiagara_CPUCollisionType.uasset" 466
"../../Plugins/FX/Niagara/Content/Enums/ENiagara_DirectReadApplicationMode.uasset" 467
"../../Plugins/FX/Niagara/Content/Enums/ENiagara_DirectReadParticleIDSampling.uasset" 468
"../../Plugins/FX/Niagara/Content/Enums/ENiagara_DirectReadSamplingMode.uasset" 469
"../../Plugins/FX/Niagara/Content/Enums/ENiagara_EmitterLocSamplingMode.uasset" 470
"../../Plugins/FX/Niagara/Content/Enums/ENiagara_EmitterStateOptions.uasset" 471
"../../Plugins/FX/Niagara/Content/Enums/ENiagara_FadeOperationType.uasset" 472
"../../Plugins/FX/Niagara/Content/Enums/ENiagara_Float4Channel.uasset" 473
"../../Plugins/FX/Niagara/Content/Enums/ENiagara_GPUCollisionType.uasset" 474
"../../Plugins/FX/Niagara/Content/Enums/ENiagara_IDAttributes.uasset" 475
"../../Plugins/FX/Niagara/Content/Enums/ENiagara_InfiniteLoopDuration.uasset" 476
"../../Plugins/FX/Niagara/Content/Enums/ENiagara_LifetimeInheritanceOptions.uasset" 477
"../../Plugins/FX/Niagara/Content/Enums/ENiagara_LifetimeMode.uasset" 478
"../../Plugins/FX/Niagara/Content/Enums/ENiagara_MassInitializationMode.uasset" 479
"../../Plugins/FX/Niagara/Content/Enums/ENiagara_MultipleLerpCount.uasset" 480
"../../Plugins/FX/Niagara/Content/Enums/ENiagara_PositionInitializationMode.uasset" 481
"../../Plugins/FX/Niagara/Content/Enums/ENiagara_RotationDefinitionApproach.uasset" 482
"../../Plugins/FX/Niagara/Content/Enums/ENiagara_SizeScaleMode.uasset" 483
"../../Plugins/FX/Niagara/Content/Enums/ENiagara_SpawnBurstMode.uasset" 484
"../../Plugins/FX/Niagara/Content/Enums/ENiagara_SpriteRotationMode.uasset" 485
"../../Plugins/FX/Niagara/Content/Enums/ENiagara_SubUVLookupMode.uasset" 486
"../../Plugins/FX/Niagara/Content/Enums/ENiagara_TransformBaseOptions.uasset" 487
"../../Plugins/FX/Niagara/Content/Enums/ENiagara_TransformMode.uasset" 488
"../../Plugins/FX/Niagara/Content/Enums/ENiagara_TransformOrientationMode.uasset" 489
"../../Plugins/FX/Niagara/Content/Enums/ENiagara_UVFlippingMode.uasset" 490
"../../Plugins/FX/Niagara/Content/Enums/Niagara_Units.uasset" 491
"../../Plugins/FX/Niagara/Content/Enums/CascadeConversion/ECascadeNiagaraOrbitChainMode.uasset" 492
"../../Plugins/FX/Niagara/Content/Enums/CascadeConversion/ECascadeNiagaraTwoVectorChannels.uasset" 493
"../../Plugins/FX/Niagara/Content/Icons/S_ParticleSystem.uasset" 494
"../../../Engine/Content/ArtTools/RenderToTexture/Materials/Debug/M_Emissive_Color.uasset" 495
"../../../Engine/Content/BasicShapes/Cylinder.uasset" 496
"../../Plugins/Lumin/MagicLeapPassableWorld/Content/MagicLeapARPinInfoActor.uasset" 497
"../../../Engine/Content/Functions/Engine_MaterialFunctions02/Utility/BreakOutFloat4Components.uasset" 498
"../../Plugins/Runtime/Oculus/OculusVR/Content/Materials/OculusMR_ChromaKey.uasset" 499
"../../Plugins/Runtime/Oculus/OculusVR/Content/Materials/OculusMR_OpaqueColoredMaterial.uasset" 500
"../../Plugins/Runtime/Oculus/OculusVR/Content/Materials/PokeAHoleMaterial.uasset" 501
"../../../Engine/Content/Maps/Entry_BuiltData.uasset" 502
"../../../Engine/Content/Maps/Entry.umap" 503
"D:/Projects/Unreal/SimplePlatformer/Content/Platformer/LevelProps/Materials/StoneDark.uasset" 504
"D:/Projects/Unreal/SimplePlatformer/Content/Platformer/LevelProps/Materials/Stone.uasset" 505
"D:/Projects/Unreal/SimplePlatformer/Content/Platformer/LevelProps/Walls/wallCorner.uasset" 506
"D:/Projects/Unreal/SimplePlatformer/Content/Platformer/LevelProps/Walls/wall_end.uasset" 507
"D:/Projects/Unreal/SimplePlatformer/Content/Platformer/LevelProps/Walls/wall_door.uasset" 508
"D:/Projects/Unreal/SimplePlatformer/Content/Platformer/LevelProps/Walls/wall.uasset" 509
"D:/Projects/Unreal/SimplePlatformer/Content/Platformer/LevelProps/Walls/pillar.uasset" 510
"D:/Projects/Unreal/SimplePlatformer/Content/Platformer/LevelProps/Materials/WoodDark.uasset" 511
"D:/Projects/Unreal/SimplePlatformer/Content/Platformer/LevelProps/Scaffolds/scaffold_small_low_railing_long.uasset" 512
"D:/Projects/Unreal/SimplePlatformer/Content/Platformer/LevelProps/Scaffolds/scaffold_small_low_long.uasset" 513
"D:/Projects/Unreal/SimplePlatformer/Content/Platformer/LevelProps/Scaffolds/scaffold_small_low_cornerRight.uasset" 514
"D:/Projects/Unreal/SimplePlatformer/Content/Platformer/LevelProps/Scaffolds/scaffold_small_low.uasset" 515
"D:/Projects/Unreal/SimplePlatformer/Content/Platformer/LevelProps/Scaffolds/scaffold_low.uasset" 516
"D:/Projects/Unreal/SimplePlatformer/Content/Platformer/LevelProps/Materials/Red.uasset" 517
"D:/Projects/Unreal/SimplePlatformer/Content/Platformer/LevelProps/Materials/Glass.uasset" 518
"D:/Projects/Unreal/SimplePlatformer/Content/Platformer/LevelProps/Materials/Beige.uasset" 519
"D:/Projects/Unreal/SimplePlatformer/Content/Platformer/LevelProps/Misc/potionSmall_red.uasset" 520
"D:/Projects/Unreal/SimplePlatformer/Content/Platformer/LevelProps/Materials/Mud.uasset" 521
"D:/Projects/Unreal/SimplePlatformer/Content/Platformer/LevelProps/Misc/plate.uasset" 522
"D:/Projects/Unreal/SimplePlatformer/Content/Platformer/LevelProps/Materials/BrownDark.uasset" 523
"D:/Projects/Unreal/SimplePlatformer/Content/Platformer/LevelProps/Materials/BlueLight.uasset" 524
"D:/Projects/Unreal/SimplePlatformer/Content/Platformer/LevelProps/Materials/BlueDark.uasset" 525
"D:/Projects/Unreal/SimplePlatformer/Content/Platformer/LevelProps/Misc/banner.uasset" 526
"D:/Projects/Unreal/SimplePlatformer/Content/Platformer/LevelProps/Furniture/tableMedium.uasset" 527
"D:/Projects/Unreal/SimplePlatformer/Content/Platformer/LevelProps/Furniture/tableLarge.uasset" 528
"D:/Projects/Unreal/SimplePlatformer/Content/Platformer/LevelProps/Furniture/stool.uasset" 529
"D:/Projects/Unreal/SimplePlatformer/Content/Platformer/LevelProps/Furniture/cratePlatform_large.uasset" 530
"D:/Projects/Unreal/SimplePlatformer/Content/Platformer/LevelProps/Furniture/crateDark.uasset" 531
"D:/Projects/Unreal/SimplePlatformer/Content/Platformer/LevelProps/Materials/Metal.uasset" 532
"D:/Projects/Unreal/SimplePlatformer/Content/Platformer/LevelProps/Furniture/crate.uasset" 533
"D:/Projects/Unreal/SimplePlatformer/Content/Platformer/LevelProps/Furniture/chair.uasset" 534
"D:/Projects/Unreal/SimplePlatformer/Content/Platformer/LevelProps/Furniture/bucket.uasset" 535
"D:/Projects/Unreal/SimplePlatformer/Content/Platformer/LevelProps/Furniture/bookcaseWide_broken.uasset" 536
"D:/Projects/Unreal/SimplePlatformer/Content/Platformer/LevelProps/Furniture/bookcase.uasset" 537
"D:/Projects/Unreal/SimplePlatformer/Content/Platformer/LevelProps/Furniture/barrelDark.uasset" 538
"D:/Projects/Unreal/SimplePlatformer/Content/Platformer/LevelProps/Floors/stairs.uasset" 539
"D:/Projects/Unreal/SimplePlatformer/Content/Platformer/LevelProps/Floors/SM_MERGED_Floors1_Big.uasset" 540
"D:/Projects/Unreal/SimplePlatformer/Content/Platformer/LevelProps/Floors/cratePlatform_medium.uasset" 541
"D:/Projects/Unreal/SimplePlatformer/Content/Platformer/LevelProps/FloorDeco/bricks.uasset" 542
"D:/Projects/Unreal/SimplePlatformer/Content/BP/Maps/Map_Main2_BuiltData.uasset" 543
"D:/Projects/Unreal/SimplePlatformer/Content/Platformer/LevelProps/Floors/BP_Walls_Level1.uasset" 544
"D:/Projects/Unreal/SimplePlatformer/Content/Platformer/LevelProps/Floors/tileBrickA_large.uasset" 545
"D:/Projects/Unreal/SimplePlatformer/Content/Platformer/LevelProps/Floors/BP_Floors_Level1.uasset" 546
"D:/Projects/Unreal/SimplePlatformer/Content/Builder/Blueprints/ESimplePlacement.uasset" 547
"D:/Projects/Unreal/SimplePlatformer/Content/Builder/Blueprints/BP_StackerLine.uasset" 548
"D:/Projects/Unreal/SimplePlatformer/Content/Geometry/Meshes/CubeMaterial.uasset" 549
"D:/Projects/Unreal/SimplePlatformer/Content/Geometry/Meshes/1M_Cube.uasset" 550
"D:/Projects/Unreal/SimplePlatformer/Content/Platformer/LevelProps/Doors/door.uasset" 551
"D:/Projects/Unreal/SimplePlatformer/Content/Platformer/Textures/Captures/Key1.uasset" 552
"D:/Projects/Unreal/SimplePlatformer/Content/BP/Blueprints/Interfaces/Dialogue/WBP_Dialogue_LockedDoor.uasset" 553
"D:/Projects/Unreal/SimplePlatformer/Content/BP/Blueprints/Interactables/BP_Door1.uasset" 554
"D:/Projects/Unreal/SimplePlatformer/Content/Platformer/LevelProps/Chests/chestTop_common.uasset" 555
"D:/Projects/Unreal/SimplePlatformer/Content/Platformer/LevelProps/Materials/Black.uasset" 556
"D:/Projects/Unreal/SimplePlatformer/Content/Platformer/LevelProps/Materials/White.uasset" 557
"D:/Projects/Unreal/SimplePlatformer/Content/Platformer/LevelProps/Chests/chest_common_empty.uasset" 558
"D:/Projects/Unreal/SimplePlatformer/Content/Platformer/LevelProps/Pickups/Keys/Brown.uasset" 559
"D:/Projects/Unreal/SimplePlatformer/Content/Platformer/LevelProps/Pickups/Keys/Key1.uasset" 560
"D:/Projects/Unreal/SimplePlatformer/Content/BP/Blueprints/Interactables/BP_Pickup_SmallKey.uasset" 561
"D:/Projects/Unreal/SimplePlatformer/Content/BP/Blueprints/Interactables/BP_Pickup_Launcher_SmallKey.uasset" 562
"D:/Projects/Unreal/SimplePlatformer/Content/BP/Blueprints/Interactables/BP_Chest1.uasset" 563
"D:/Projects/Unreal/SimplePlatformer/Content/Platformer/Monster/Characters/Purple.uasset" 564
"D:/Projects/Unreal/SimplePlatformer/Content/Platformer/Monster/Characters/WoodDark.uasset" 565
"D:/Projects/Unreal/SimplePlatformer/Content/Platformer/Monster/Characters/PurpleDark.uasset" 566
"D:/Projects/Unreal/SimplePlatformer/Content/Platformer/Monster/Characters/Metal.uasset" 567
"D:/Projects/Unreal/SimplePlatformer/Content/Platformer/Monster/Characters/BrownDark.uasset" 568
"D:/Projects/Unreal/SimplePlatformer/Content/Platformer/Monster/Characters/character_mage_character_mageBody.uasset" 569
"D:/Projects/Unreal/SimplePlatformer/Content/Platformer/Monster/Characters/character_mage_character_mageArnLeft.uasset" 570
"D:/Projects/Unreal/SimplePlatformer/Content/Platformer/Monster/Characters/character_mage_character_mageArmRight.uasset" 571
"D:/Projects/Unreal/SimplePlatformer/Content/Platformer/Monster/Alien/Alien_Skeleton.uasset" 572
"../../../Engine/Content/Animation/DefaultAnimCurveCompressionSettings.uasset" 573
"../../../Engine/Content/Animation/DefaultAnimBoneCompressionSettings.uasset" 574
"D:/Projects/Unreal/SimplePlatformer/Content/Platformer/Monster/Alien/Alien_Anim_MonsterArmature_Idle.uasset" 575
"D:/Projects/Unreal/SimplePlatformer/Content/Platformer/Monster/Alien/Alien_PhysicsAsset.uasset" 576
"D:/Projects/Unreal/SimplePlatformer/Content/Platformer/Monster/Alien/Alien_Texture.uasset" 577
"D:/Projects/Unreal/SimplePlatformer/Content/Platformer/Monster/Alien/Texture.uasset" 578
"D:/Projects/Unreal/SimplePlatformer/Content/Platformer/Monster/Alien/Alien.uasset" 579
"D:/Projects/Unreal/SimplePlatformer/Content/BP/Blueprints/Enemies/TestThing.uasset" 580
"D:/Projects/Unreal/SimplePlatformer/Content/Platformer/Monster/Alien/Alien_Anim_MonsterArmature_Bite_Front.uasset" 581
"D:/Projects/Unreal/SimplePlatformer/Content/BP/Blueprints/Enemies/BP_Standin_Enemy.uasset" 582
"D:/Projects/Unreal/SimplePlatformer/Content/BP/Blueprints/BP_Player.uasset" 583
"D:/Projects/Unreal/SimplePlatformer/Content/Platformer/Character/Fox/Fox_Skeleton.uasset" 584
"D:/Projects/Unreal/SimplePlatformer/Content/Platformer/Character/Fox/Anim_Item_Collect.uasset" 585
"D:/Projects/Unreal/SimplePlatformer/Content/Platformer/LevelProps/WeaponsAndRacks/sword_uncommon.uasset" 586
"D:/Projects/Unreal/SimplePlatformer/Content/Platformer/LevelProps/WeaponsAndRacks/shield_uncommon.uasset" 587
"D:/Projects/Unreal/SimplePlatformer/Content/Platformer/Character/Fox/Fox_PhysicsAsset.uasset" 588
"D:/Projects/Unreal/SimplePlatformer/Content/Platformer/Character/Fox/Textures/Fox_Normal.uasset" 589
"D:/Projects/Unreal/SimplePlatformer/Content/Platformer/Character/Fox/Textures/fox_diffuse.uasset" 590
"D:/Projects/Unreal/SimplePlatformer/Content/Platformer/Character/Fox/Material_001.uasset" 591
"D:/Projects/Unreal/SimplePlatformer/Content/Platformer/Character/Fox/Fox.uasset" 592
"D:/Projects/Unreal/SimplePlatformer/Content/Platformer/Textures/TouchUI/XBoxRemix/tex1_48x48_722dcf7f0caf29eb_0.uasset" 593
"D:/Projects/Unreal/SimplePlatformer/Content/Platformer/Textures/TouchUI/XBoxRemix/tex1_40x40_55c377a2819baf07_07a14c0edffec6e9_9.uasset" 594
"D:/Projects/Unreal/SimplePlatformer/Content/Platformer/Textures/TouchUI/XBoxRemix/tex1_40x40_08daf72f6acc9478_1acd6c849fcbc8cc_9.uasset" 595
"D:/Projects/Unreal/SimplePlatformer/Content/Platformer/Textures/TouchUI/XBoxRemix/Letters/tex1_16x16_f2ecddd16b5f554a_0.uasset" 596
"D:/Projects/Unreal/SimplePlatformer/Content/Platformer/Textures/TouchUI/XBoxRemix/Letters/tex1_16x16_a954694dda754d44_0.uasset" 597
"D:/Projects/Unreal/SimplePlatformer/Content/Platformer/Textures/TouchUI/XBoxRemix/ButtonText/tex1_80x24_e711d39edf72fe74_2.uasset" 598
"D:/Projects/Unreal/SimplePlatformer/Content/Platformer/Textures/TouchUI/XBoxRemix/ButtonText/tex1_80x24_dbee1e5c2ba513ca_2.uasset" 599
"D:/Projects/Unreal/SimplePlatformer/Content/Platformer/Textures/TouchUI/XBoxRemix/ButtonText/tex1_80x24_ad58a73370494605_2.uasset" 600
"D:/Projects/Unreal/SimplePlatformer/Content/Platformer/Textures/TouchUI/XBoxRemix/ButtonText/tex1_80x24_97e606655dd582cb_2.uasset" 601
"D:/Projects/Unreal/SimplePlatformer/Content/Platformer/Textures/TouchUI/XBoxRemix/ButtonText/tex1_80x24_59b86c79dcba26bd_2.uasset" 602
"D:/Projects/Unreal/SimplePlatformer/Content/Platformer/Textures/TouchUI/XBoxRemix/ButtonText/tex1_80x24_3e15bb163e7036f7_2.uasset" 603
"D:/Projects/Unreal/SimplePlatformer/Content/BP/Blueprints/WBP_Temp_Touch.uasset" 604
"D:/Projects/Unreal/SimplePlatformer/Content/Platformer/Textures/HUD/tex1_24x24_7e201aa9d5e4a597_598b8b532cc3e935_9.uasset" 605
"D:/Projects/Unreal/SimplePlatformer/Content/Platformer/Textures/HUD/tex1_24x24_47eec763a428dd5e_9758023fb2643b6c_10.uasset" 606
"D:/Projects/Unreal/SimplePlatformer/Content/BP/Blueprints/WBP_Game_HudMobile.uasset" 607
"D:/Projects/Unreal/SimplePlatformer/Content/BP/Blueprints/WBP_DebugWidget.uasset" 608
"D:/Projects/Unreal/SimplePlatformer/Content/Platformer/Character/Fox/Fox_Anim_IdleDemo_Run_IdleDemo.uasset" 609
"D:/Projects/Unreal/SimplePlatformer/Content/Platformer/Character/Fox/Fox_Anim_IdleDemo_Idle_IdleDemo.uasset" 610
"D:/Projects/Unreal/SimplePlatformer/Content/Platformer/Character/Fox/BS_Fox_2D.uasset" 611
"D:/Projects/Unreal/SimplePlatformer/Content/Platformer/Character/Kid/Jumping_Up.uasset" 612
"D:/Projects/Unreal/SimplePlatformer/Content/Platformer/Character/Fox/Fox_Anim_IdleDemo_Jump_IdleDemo.uasset" 613
"D:/Projects/Unreal/SimplePlatformer/Content/Platformer/Character/Fox/Fox_Anim_IdleDemo_Fall_IdleDemo.uasset" 614
"D:/Projects/Unreal/SimplePlatformer/Content/Platformer/Character/Kid/Standard_Walk.uasset" 615
"D:/Projects/Unreal/SimplePlatformer/Content/Platformer/Character/Kid/Running.uasset" 616
"D:/Projects/Unreal/SimplePlatformer/Content/Platformer/Character/Kid/Idle.uasset" 617
"D:/Projects/Unreal/SimplePlatformer/Content/Platformer/Character/Kid/BS_Kid_IdleRun_1D.uasset" 618
"D:/Projects/Unreal/SimplePlatformer/Content/Platformer/Character/Kid/Falling_Idle.uasset" 619
"D:/Projects/Unreal/SimplePlatformer/Content/Platformer/Character/Kid/ABP_Kid.uasset" 620
"D:/Projects/Unreal/SimplePlatformer/Content/Platformer/Character/Fox/ABP_Fox.uasset" 621
"D:/Projects/Unreal/SimplePlatformer/Content/BP/Blueprints/BP_Character.uasset" 622
"D:/Projects/Unreal/SimplePlatformer/Content/BP/Blueprints/BP_GameMode.uasset" 623
"D:/Projects/Unreal/SimplePlatformer/Content/AdvancedCelShader/CelShader/Textures/sketch_mask_2.uasset" 624
"D:/Projects/Unreal/SimplePlatformer/Content/AdvancedCelShader/CelShader/Textures/watercolour_texture.uasset" 625
"D:/Projects/Unreal/SimplePlatformer/Content/AdvancedCelShader/CelShader/Textures/spatter.uasset" 626
"D:/Projects/Unreal/SimplePlatformer/Content/AdvancedCelShader/CelShader/Textures/PrintDots.uasset" 627
"D:/Projects/Unreal/SimplePlatformer/Content/AdvancedCelShader/CelShader/MaterialFunctions/Slider.uasset" 628
"D:/Projects/Unreal/SimplePlatformer/Content/AdvancedCelShader/CelShader/MaterialFunctions/SkyMask.uasset" 629
"D:/Projects/Unreal/SimplePlatformer/Content/AdvancedCelShader/CelShader/MaterialFunctions/PixellateUVs.uasset" 630
"D:/Projects/Unreal/SimplePlatformer/Content/AdvancedCelShader/CelShader/MaterialFunctions/OuterShadow.uasset" 631
"D:/Projects/Unreal/SimplePlatformer/Content/AdvancedCelShader/CelShader/MaterialFunctions/MaskSky.uasset" 632
"D:/Projects/Unreal/SimplePlatformer/Content/AdvancedCelShader/CelShader/MaterialFunctions/InnerShadow.uasset" 633
"../../../Engine/Content/Functions/Engine_MaterialFunctions02/Math/AddComponents.uasset" 634
"D:/Projects/Unreal/SimplePlatformer/Content/AdvancedCelShader/CelShader/MaterialFunctions/EdgeDetectDepth.uasset" 635
"D:/Projects/Unreal/SimplePlatformer/Content/AdvancedCelShader/CelShader/MaterialFunctions/EdgeDetectColour.uasset" 636
"D:/Projects/Unreal/SimplePlatformer/Content/AdvancedCelShader/CelShader/MaterialFunctions/DepthMask.uasset" 637
"D:/Projects/Unreal/SimplePlatformer/Content/AdvancedCelShader/CelShader/MaterialFunctions/CustomBlur2.uasset" 638
"D:/Projects/Unreal/SimplePlatformer/Content/AdvancedCelShader/CelShader/MaterialFunctions/CustomBlur1.uasset" 639
"D:/Projects/Unreal/SimplePlatformer/Content/AdvancedCelShader/CelShader/MaterialFunctions/Posterize.uasset" 640
"D:/Projects/Unreal/SimplePlatformer/Content/AdvancedCelShader/CelShader/MaterialFunctions/CelPosterize.uasset" 641
"../../../Engine/Content/Functions/Engine_MaterialFunctions03/Blends/Blend_Difference.uasset" 642
"../../../Engine/Content/Functions/Engine_MaterialFunctions01/ImageAdjustment/SCurve.uasset" 643
"../../../Engine/Content/MapTemplates/TilingNoise05.uasset" 644
"../../../Engine/Content/Functions/Engine_MaterialFunctions01/Texturing/TriplanarCameraVector.uasset" 645
"../../../Engine/Content/Functions/Engine_MaterialFunctions01/Gradient/LinearGradient.uasset" 646
"../../../Engine/Content/Functions/Engine_MaterialFunctions01/ImageAdjustment/CheapContrast.uasset" 647
"../../../Engine/Content/Functions/Engine_MaterialFunctions02/Texturing/WorldPositionWithScale.uasset" 648
"D:/Projects/Unreal/SimplePlatformer/Content/AdvancedCelShader/CelShader/Materials/CelShader.uasset" 649
"D:/Projects/Unreal/SimplePlatformer/Content/AdvancedCelShader/CelShader/Presets/CelShaderWindWalker.uasset" 650
"../../../Engine/Content/EngineSky/T_Sky_Stars.uasset" 651
"../../../Engine/Content/EngineSky/T_Sky_Clouds_M.uasset" 652
"../../../Engine/Content/EngineSky/T_Sky_Blue.uasset" 653
"../../../Engine/Content/EngineSky/M_Sky_Panning_Clouds2.uasset" 654
"../../../Engine/Content/EngineSky/SM_SkySphere.uasset" 655
"../../../Engine/Content/EngineSky/C_Sky_Zenith_Color.uasset" 656
"../../../Engine/Content/EngineSky/C_Sky_Horizon_Color.uasset" 657
"../../../Engine/Content/EngineSky/C_Sky_Cloud_Color.uasset" 658
"../../../Engine/Content/EngineSky/BP_Sky_Sphere.uasset" 659
"D:/Projects/Unreal/SimplePlatformer/Content/BP/Maps/Map_Main2.umap" 660
